<?xml version="1.0" encoding="UTF-8"?>
<!-- Generated by org.testng.reporters.JUnitXMLReporter -->
<testsuite ignored="0" hostname="MacBook-Pro.local" failures="3" tests="8" name="Test" time="56.415" errors="0" timestamp="2022-10-30T19:09:17 IST">
  <testcase classname="PaymentFlowAutomation.testcases.PaymentPageTest" name="verifyPaymentPageTitle" time="0.011"/>
  <testcase classname="PaymentFlowAutomation.testcases.PaymentPageTest" name="verifyEditingAmountField" time="0.261">
    <failure type="java.lang.AssertionError" message="expected [100] but found [1005]">
      <![CDATA[java.lang.AssertionError: expected [100] but found [1005]
at PaymentFlowAutomation.testcases.PaymentPageTest.verifyEditingAmountField(PaymentPageTest.java:57)
at java.base/java.util.ArrayList.forEach(ArrayList.java:1511)
... Removed 33 stack frames]]>
    </failure>
  </testcase> <!-- verifyEditingAmountField -->
  <testcase classname="PaymentFlowAutomation.testcases.PaymentPageTest" name="verifyEditingDefaultAmount" time="0.292"/>
  <testcase classname="PaymentFlowAutomation.testcases.PaymentPageTest" name="makeAmountFieldEmpty" time="6.302">
    <failure type="java.lang.AssertionError" message="expected [true] but found [false]">
      <![CDATA[java.lang.AssertionError: expected [true] but found [false]
at PaymentFlowAutomation.testcases.PaymentPageTest.makeAmountFieldEmpty(PaymentPageTest.java:72)
at java.base/java.util.ArrayList.forEach(ArrayList.java:1511)
... Removed 32 stack frames]]>
    </failure>
  </testcase> <!-- makeAmountFieldEmpty -->
  <testcase classname="PaymentFlowAutomation.testcases.PaymentPageTest" name="amounttLessThan1" time="0.216">
    <failure type="java.lang.AssertionError" message="expected [false] but found [true]">
      <![CDATA[java.lang.AssertionError: expected [false] but found [true]
at PaymentFlowAutomation.testcases.PaymentPageTest.amounttLessThan1(PaymentPageTest.java:82)
at java.base/java.util.ArrayList.forEach(ArrayList.java:1511)
... Removed 32 stack frames]]>
    </failure>
  </testcase> <!-- amounttLessThan1 -->
  <testcase classname="PaymentFlowAutomation.testcases.PaymentPageTest" name="verifyDefaultLanguage" time="0.034"/>
  <testcase classname="PaymentFlowAutomation.testcases.PaymentPageTest" name="verifyDocs" time="1.91"/>
  <testcase classname="PaymentFlowAutomation.testcases.PaymentPageTest" name="clickOnPayNow" time="0.071"/>
</testsuite> <!-- Test -->
